<?xml version="1.0" encoding="utf-8"?><testsuites name="pytest tests"><testsuite name="pytest" errors="0" failures="0" skipped="0" tests="6" time="1.536" timestamp="2026-08-20T10:34:32.691534+00:00" hostname="agent-env-c4d47f64-5516-4f50-982d-2956197aa268"><testcase classname="tests.test_interest_api" name="test_root" time="0.342" /><testcase classname="tests.test_interest_api" name="test_interest_post_saathi" time="0.147" /><testcase classname="tests.test_interest_api" name="test_interest_post_partner" time="0.072" /><testcase classname="tests.test_interest_api" name="test_interest_post_invalid_email" time="0.073" /><testcase classname="tests.test_interest_api" name="test_interest_post_missing_role" time="0.073" /><testcase classname="tests.test_interest_api" name="test_interest_get_no_objectid" time="0.070" /></testsuite></testsuites>